<?xml version="1.0" encoding="UTF-8"?>
<!-- Generated by org.testng.reporters.JUnitXMLReporter -->
<testsuite ignored="0" hostname="Surajs-MacBook-Air.local" failures="0" tests="7" name="Surefire test" time="82.661" errors="0" timestamp="2020-06-16T23:08:20 CDT">
  <testcase classname="com.crm.qa.testcases.ContactPageTest" name="verifyContactPage" time="0.065"/>
  <testcase classname="com.crm.qa.testcases.HomePageTest" name="verifyHomePage" time="0.008"/>
  <testcase classname="com.crm.qa.testcases.HomePageTest" name="verifyUserName" time="0.817"/>
  <testcase classname="com.crm.qa.testcases.HomePageTest" name="verifyCalenderPage" time="0.722"/>
  <testcase classname="com.crm.qa.testcases.HomePageTest" name="verifyContactPage" time="0.87"/>
  <testcase classname="com.crm.qa.testcases.LoginPageTest" name="loginPageTitleTest" time="0.003"/>
  <testcase classname="com.crm.qa.testcases.LoginPageTest" name="userLogin" time="0.428"/>
</testsuite> <!-- Surefire test -->
