<?xml version="1.0" encoding="UTF-8"?>
<testsuite xmlns:xsi="http://www.w3.org/2001/XMLSchema-instance" xsi:noNamespaceSchemaLocation="https://maven.apache.org/surefire/maven-surefire-plugin/xsd/surefire-test-report.xsd" name="TestSuite" time="83.305" tests="7" errors="0" skipped="0" failures="0">
  <properties>
[...]
</properties>
  <testcase name="verifyContactPage" classname="com.crm.qa.testcases.ContactPageTest" time="0.067"/>
  <testcase name="verifyHomePage" classname="com.crm.qa.testcases.HomePageTest" time="0.008"/>
  <testcase name="verifyUserName" classname="com.crm.qa.testcases.HomePageTest" time="0.816"/>
  <testcase name="verifyCalenderPage" classname="com.crm.qa.testcases.HomePageTest" time="0.724"/>
  <testcase name="verifyContactPage" classname="com.crm.qa.testcases.HomePageTest" time="0.873"/>
  <testcase name="loginPageTitleTest" classname="com.crm.qa.testcases.LoginPageTest" time="0.004"/>
  <testcase name="userLogin" classname="com.crm.qa.testcases.LoginPageTest" time="0.428"/>
</testsuite>