<?xml version="1.0" encoding="UTF-8"?>
<testng-results ignored="0" total="7" passed="7" failed="0" skipped="0">
  <reporter-output>
  </reporter-output>
  <suite started-at="2020-06-16T23:06:57 CDT" name="Surefire suite" finished-at="2020-06-16T23:08:20 CDT" duration-ms="82661">
    <groups>
    </groups>
    <test started-at="2020-06-16T23:06:57 CDT" name="Surefire test" finished-at="2020-06-16T23:08:20 CDT" duration-ms="82661">
      <class name="com.crm.qa.testcases.ContactPageTest">
        <test-method is-config="true" signature="setUp()[pri:0, instance:com.crm.qa.testcases.ContactPageTest@6ec8211c]" started-at="2020-06-16T23:06:57 CDT" name="setUp" finished-at="2020-06-16T23:07:08 CDT" duration-ms="10571" status="PASS">
          <reporter-output>
          </reporter-output>
        </test-method> <!-- setUp -->
        <test-method signature="verifyContactPage()[pri:1, instance:com.crm.qa.testcases.ContactPageTest@6ec8211c]" started-at="2020-06-16T23:07:08 CDT" name="verifyContactPage" finished-at="2020-06-16T23:07:08 CDT" duration-ms="65" status="PASS">
          <reporter-output>
          </reporter-output>
        </test-method> <!-- verifyContactPage -->
        <test-method is-config="true" signature="tearDown()[pri:0, instance:com.crm.qa.testcases.ContactPageTest@6ec8211c]" started-at="2020-06-16T23:07:08 CDT" name="tearDown" finished-at="2020-06-16T23:07:11 CDT" duration-ms="3556" status="PASS">
          <reporter-output>
          </reporter-output>
        </test-method> <!-- tearDown -->
      </class> <!-- com.crm.qa.testcases.ContactPageTest -->
      <class name="com.crm.qa.testcases.HomePageTest">
        <test-method is-config="true" signature="setUp()[pri:0, instance:com.crm.qa.testcases.HomePageTest@7276c8cd]" started-at="2020-06-16T23:07:11 CDT" name="setUp" finished-at="2020-06-16T23:07:19 CDT" duration-ms="7344" status="PASS">
          <reporter-output>
          </reporter-output>
        </test-method> <!-- setUp -->
        <test-method signature="verifyHomePage()[pri:1, instance:com.crm.qa.testcases.HomePageTest@7276c8cd]" started-at="2020-06-16T23:07:19 CDT" name="verifyHomePage" finished-at="2020-06-16T23:07:19 CDT" duration-ms="8" status="PASS">
          <reporter-output>
          </reporter-output>
        </test-method> <!-- verifyHomePage -->
        <test-method is-config="true" signature="tearDown()[pri:0, instance:com.crm.qa.testcases.HomePageTest@7276c8cd]" started-at="2020-06-16T23:07:19 CDT" name="tearDown" finished-at="2020-06-16T23:07:23 CDT" duration-ms="4565" status="PASS">
          <reporter-output>
          </reporter-output>
        </test-method> <!-- tearDown -->
        <test-method is-config="true" signature="setUp()[pri:0, instance:com.crm.qa.testcases.HomePageTest@7276c8cd]" started-at="2020-06-16T23:07:23 CDT" name="setUp" finished-at="2020-06-16T23:07:32 CDT" duration-ms="8717" status="PASS">
          <reporter-output>
          </reporter-output>
        </test-method> <!-- setUp -->
        <test-method signature="verifyUserName()[pri:2, instance:com.crm.qa.testcases.HomePageTest@7276c8cd]" started-at="2020-06-16T23:07:32 CDT" name="verifyUserName" finished-at="2020-06-16T23:07:33 CDT" duration-ms="817" status="PASS">
          <reporter-output>
          </reporter-output>
        </test-method> <!-- verifyUserName -->
        <test-method is-config="true" signature="tearDown()[pri:0, instance:com.crm.qa.testcases.HomePageTest@7276c8cd]" started-at="2020-06-16T23:07:33 CDT" name="tearDown" finished-at="2020-06-16T23:07:36 CDT" duration-ms="3543" status="PASS">
          <reporter-output>
          </reporter-output>
        </test-method> <!-- tearDown -->
        <test-method is-config="true" signature="setUp()[pri:0, instance:com.crm.qa.testcases.HomePageTest@7276c8cd]" started-at="2020-06-16T23:07:36 CDT" name="setUp" finished-at="2020-06-16T23:07:43 CDT" duration-ms="6646" status="PASS">
          <reporter-output>
          </reporter-output>
        </test-method> <!-- setUp -->
        <test-method signature="verifyCalenderPage()[pri:3, instance:com.crm.qa.testcases.HomePageTest@7276c8cd]" started-at="2020-06-16T23:07:43 CDT" name="verifyCalenderPage" finished-at="2020-06-16T23:07:44 CDT" duration-ms="722" status="PASS">
          <reporter-output>
          </reporter-output>
        </test-method> <!-- verifyCalenderPage -->
        <test-method is-config="true" signature="tearDown()[pri:0, instance:com.crm.qa.testcases.HomePageTest@7276c8cd]" started-at="2020-06-16T23:07:44 CDT" name="tearDown" finished-at="2020-06-16T23:07:47 CDT" duration-ms="3571" status="PASS">
          <reporter-output>
          </reporter-output>
        </test-method> <!-- tearDown -->
        <test-method is-config="true" signature="setUp()[pri:0, instance:com.crm.qa.testcases.HomePageTest@7276c8cd]" started-at="2020-06-16T23:07:47 CDT" name="setUp" finished-at="2020-06-16T23:07:54 CDT" duration-ms="6605" status="PASS">
          <reporter-output>
          </reporter-output>
        </test-method> <!-- setUp -->
        <test-method signature="verifyContactPage()[pri:4, instance:com.crm.qa.testcases.HomePageTest@7276c8cd]" started-at="2020-06-16T23:07:54 CDT" name="verifyContactPage" finished-at="2020-06-16T23:07:55 CDT" duration-ms="870" status="PASS">
          <reporter-output>
          </reporter-output>
        </test-method> <!-- verifyContactPage -->
        <test-method is-config="true" signature="tearDown()[pri:0, instance:com.crm.qa.testcases.HomePageTest@7276c8cd]" started-at="2020-06-16T23:07:55 CDT" name="tearDown" finished-at="2020-06-16T23:07:57 CDT" duration-ms="2518" status="PASS">
          <reporter-output>
          </reporter-output>
        </test-method> <!-- tearDown -->
      </class> <!-- com.crm.qa.testcases.HomePageTest -->
      <class name="com.crm.qa.testcases.LoginPageTest">
        <test-method is-config="true" signature="setUp()[pri:0, instance:com.crm.qa.testcases.LoginPageTest@544a2ea6]" started-at="2020-06-16T23:07:57 CDT" name="setUp" finished-at="2020-06-16T23:08:04 CDT" duration-ms="6794" status="PASS">
          <reporter-output>
          </reporter-output>
        </test-method> <!-- setUp -->
        <test-method signature="loginPageTitleTest()[pri:1, instance:com.crm.qa.testcases.LoginPageTest@544a2ea6]" started-at="2020-06-16T23:08:04 CDT" name="loginPageTitleTest" finished-at="2020-06-16T23:08:04 CDT" duration-ms="3" status="PASS">
          <reporter-output>
          </reporter-output>
        </test-method> <!-- loginPageTitleTest -->
        <test-method is-config="true" signature="tearDown()[pri:0, instance:com.crm.qa.testcases.LoginPageTest@544a2ea6]" started-at="2020-06-16T23:08:04 CDT" name="tearDown" finished-at="2020-06-16T23:08:09 CDT" duration-ms="4589" status="PASS">
          <reporter-output>
          </reporter-output>
        </test-method> <!-- tearDown -->
        <test-method is-config="true" signature="setUp()[pri:0, instance:com.crm.qa.testcases.LoginPageTest@544a2ea6]" started-at="2020-06-16T23:08:09 CDT" name="setUp" finished-at="2020-06-16T23:08:15 CDT" duration-ms="6129" status="PASS">
          <reporter-output>
          </reporter-output>
        </test-method> <!-- setUp -->
        <test-method signature="userLogin()[pri:2, instance:com.crm.qa.testcases.LoginPageTest@544a2ea6]" started-at="2020-06-16T23:08:15 CDT" name="userLogin" finished-at="2020-06-16T23:08:15 CDT" duration-ms="428" status="PASS">
          <reporter-output>
          </reporter-output>
        </test-method> <!-- userLogin -->
        <test-method is-config="true" signature="tearDown()[pri:0, instance:com.crm.qa.testcases.LoginPageTest@544a2ea6]" started-at="2020-06-16T23:08:15 CDT" name="tearDown" finished-at="2020-06-16T23:08:20 CDT" duration-ms="4542" status="PASS">
          <reporter-output>
          </reporter-output>
        </test-method> <!-- tearDown -->
      </class> <!-- com.crm.qa.testcases.LoginPageTest -->
    </test> <!-- Surefire test -->
  </suite> <!-- Surefire suite -->
</testng-results>
